2 Chat Flood Allow
8 Custom Window Title
9 Disable 1rag1 type parameters (Recommended)
13 Disable Ragexe Filename Check (Recommended)
14 Disable Hallucination Wavy Screen (Recommended)
15 Disable HShield (Recommended)
16 Disable Swear Filter
19 Enable Title Bar Menu
20 Extend Chat Box
22 Extend PM Box
26 Fix Camera Angles (FULL)
28 Increase Headgear ViewID
32 Increase Zoom Out Max
33 Always Call SelectKoreaClientInfo() (Recommended)
34 Enable /showname (Recommended)
36 Read msgstringtable.txt (Recommended)
37 Read questid2display.txt (Recommended)
38 Remove Gravity Ads (Recommended)
39 Remove Gravity Logo (Recommended)
40 Restore Login Window (Recommended)
41 Disable Nagle Algorithm (Recommended)
44 Translate Client (Recommended)
46 Use Normal Guild Brackets
47 Use Ragnarok Icon
48 Use Plain Text Descriptions (Recommended)
49 Enable Multiple GRFs (Recommended)
50 Skip License Screen
52 Use Custom Font
53 Use Ascii on All Langtypes (Recommended)
61 Disable Packet Encryption (Recommended)
64 @ Bug Fix (Recommended)
68 Enable 64k Hairstyle
71 Ignore Missing File Error
72 Ignore Missing Palette Error
73 Remove Hourly Announce (Recommended)
204 Increase Attack Display
74 Increase Screenshot Quality
205 Enable Monster tables
207 Resize Font
77 Enable Custom 3D Bones
84 Remove Serial Display (Recommended)
88 Allow space in guild name
90 Enable DNS Support (Recommended)
97 Cancel to Login Window (Recommended)
102 Fix Tetra Vortex
